<?xml version="1.0" encoding="UTF-8"?>
<testng-results ignored="0" total="7" passed="7" failed="0" skipped="0">
  <reporter-output>
  </reporter-output>
  <suite started-at="2023-10-06T00:48:56 IST" name="Test Automation" finished-at="2023-10-06T00:49:12 IST" duration-ms="15753">
    <groups>
    </groups>
    <test started-at="2023-10-06T00:48:56 IST" name=" Test Cases Execution" finished-at="2023-10-06T00:49:12 IST" duration-ms="15753">
      <class name="test.UserTests">
        <test-method is-config="true" signature="setupdata()[pri:0, instance:test.UserTests@4d5650ae]" started-at="2023-10-06T00:48:56 IST" name="setupdata" finished-at="2023-10-06T00:48:57 IST" duration-ms="337" status="PASS">
          <reporter-output>
          </reporter-output>
        </test-method> <!-- setupdata -->
        <test-method signature="testPostUser()[pri:1, instance:test.UserTests@4d5650ae]" started-at="2023-10-06T00:48:57 IST" name="testPostUser" finished-at="2023-10-06T00:49:01 IST" duration-ms="3983" status="PASS">
          <reporter-output>
          </reporter-output>
        </test-method> <!-- testPostUser -->
        <test-method signature="testGetUserByName()[pri:2, instance:test.UserTests@4d5650ae]" started-at="2023-10-06T00:49:01 IST" name="testGetUserByName" finished-at="2023-10-06T00:49:02 IST" duration-ms="1802" status="PASS">
          <reporter-output>
          </reporter-output>
        </test-method> <!-- testGetUserByName -->
        <test-method signature="testUpdateUserByName()[pri:3, instance:test.UserTests@4d5650ae]" started-at="2023-10-06T00:49:02 IST" name="testUpdateUserByName" finished-at="2023-10-06T00:49:05 IST" duration-ms="2870" status="PASS">
          <reporter-output>
          </reporter-output>
        </test-method> <!-- testUpdateUserByName -->
        <test-method signature="testDeleteuserByName()[pri:4, instance:test.UserTests@4d5650ae]" started-at="2023-10-06T00:49:05 IST" name="testDeleteuserByName" finished-at="2023-10-06T00:49:08 IST" duration-ms="2346" status="PASS">
          <reporter-output>
          </reporter-output>
        </test-method> <!-- testDeleteuserByName -->
      </class> <!-- test.UserTests -->
      <class name="test.StoreTests">
        <test-method signature="testPostStore()[pri:1, instance:test.StoreTests@5824a83d]" started-at="2023-10-06T00:49:08 IST" name="testPostStore" finished-at="2023-10-06T00:49:09 IST" duration-ms="1524" status="PASS">
          <reporter-output>
          </reporter-output>
        </test-method> <!-- testPostStore -->
        <test-method signature="testGetStoreOrder()[pri:2, instance:test.StoreTests@5824a83d]" started-at="2023-10-06T00:49:09 IST" name="testGetStoreOrder" finished-at="2023-10-06T00:49:11 IST" duration-ms="1438" status="PASS">
          <reporter-output>
          </reporter-output>
        </test-method> <!-- testGetStoreOrder -->
        <test-method signature="testGetInventory()[pri:3, instance:test.StoreTests@5824a83d]" started-at="2023-10-06T00:49:11 IST" name="testGetInventory" finished-at="2023-10-06T00:49:12 IST" duration-ms="1353" status="PASS">
          <reporter-output>
          </reporter-output>
        </test-method> <!-- testGetInventory -->
      </class> <!-- test.StoreTests -->
    </test> <!--  Test Cases Execution -->
  </suite> <!-- Test Automation -->
</testng-results>
