<?xml version="1.0" encoding="UTF-8"?>
<testng-results ignored="0" total="6" passed="6" failed="0" skipped="0">
  <reporter-output>
  </reporter-output>
  <suite started-at="2023-10-10T14:20:17 IST" name="Test Automation" finished-at="2023-10-10T14:20:27 IST" duration-ms="10377">
    <groups>
    </groups>
    <test started-at="2023-10-10T14:20:17 IST" name=" Test Cases Execution" finished-at="2023-10-10T14:20:27 IST" duration-ms="10377">
      <class name="test.UserTests">
        <test-method is-config="true" signature="setupdata()[pri:0, instance:test.UserTests@70e9c95d]" started-at="2023-10-10T14:20:17 IST" name="setupdata" finished-at="2023-10-10T14:20:17 IST" duration-ms="194" status="PASS">
          <reporter-output>
          </reporter-output>
        </test-method> <!-- setupdata -->
        <test-method signature="testPostUser()[pri:1, instance:test.UserTests@70e9c95d]" started-at="2023-10-10T14:20:17 IST" name="testPostUser" finished-at="2023-10-10T14:20:20 IST" duration-ms="2726" status="PASS">
          <reporter-output>
          </reporter-output>
        </test-method> <!-- testPostUser -->
        <test-method signature="testGetUserByName()[pri:2, instance:test.UserTests@70e9c95d]" started-at="2023-10-10T14:20:20 IST" name="testGetUserByName" finished-at="2023-10-10T14:20:21 IST" duration-ms="1080" status="PASS">
          <reporter-output>
          </reporter-output>
        </test-method> <!-- testGetUserByName -->
        <test-method signature="testUpdateUserByName()[pri:3, instance:test.UserTests@70e9c95d]" started-at="2023-10-10T14:20:21 IST" name="testUpdateUserByName" finished-at="2023-10-10T14:20:23 IST" duration-ms="2209" status="PASS">
          <reporter-output>
          </reporter-output>
        </test-method> <!-- testUpdateUserByName -->
        <test-method signature="testDeleteuserByName()[pri:4, instance:test.UserTests@70e9c95d]" started-at="2023-10-10T14:20:23 IST" name="testDeleteuserByName" finished-at="2023-10-10T14:20:25 IST" duration-ms="1887" status="PASS">
          <reporter-output>
          </reporter-output>
        </test-method> <!-- testDeleteuserByName -->
      </class> <!-- test.UserTests -->
      <class name="test.StoreTests">
        <test-method signature="testPostStore()[pri:1, instance:test.StoreTests@7b36aa0c]" started-at="2023-10-10T14:20:25 IST" name="testPostStore" finished-at="2023-10-10T14:20:26 IST" duration-ms="1112" status="PASS">
          <reporter-output>
          </reporter-output>
        </test-method> <!-- testPostStore -->
        <test-method signature="testGetInventory()[pri:2, instance:test.StoreTests@7b36aa0c]" started-at="2023-10-10T14:20:26 IST" name="testGetInventory" finished-at="2023-10-10T14:20:27 IST" duration-ms="1119" status="PASS">
          <reporter-output>
          </reporter-output>
        </test-method> <!-- testGetInventory -->
      </class> <!-- test.StoreTests -->
    </test> <!--  Test Cases Execution -->
  </suite> <!-- Test Automation -->
</testng-results>
