<?xml version="1.0" encoding="UTF-8"?>
<!-- Generated by org.testng.reporters.JUnitXMLReporter -->
<testsuite ignored="0" hostname="SF-LAP-439" failures="0" tests="3" name="Default test" time="7.906" errors="0" timestamp="2023-10-06T00:35:50 IST">
  <testcase classname="test.StoreTests" name="testPostStore" time="4.149"/>
  <testcase classname="test.StoreTests" name="testGetStoreOrder" time="2.035"/>
  <testcase classname="test.StoreTests" name="testGetInventory" time="1.641"/>
</testsuite> <!-- Default test -->
