<?xml version="1.0" encoding="UTF-8"?>
<!-- Generated by org.testng.reporters.JUnitXMLReporter -->
<testsuite ignored="0" hostname="SF-LAP-439" failures="0" tests="7" name=" Test Cases Execution" time="15.753" errors="0" timestamp="2023-10-06T00:49:12 IST">
  <testcase classname="test.UserTests" name="testPostUser" time="3.983"/>
  <testcase classname="test.UserTests" name="testGetUserByName" time="1.802"/>
  <testcase classname="test.UserTests" name="testUpdateUserByName" time="2.87"/>
  <testcase classname="test.UserTests" name="testDeleteuserByName" time="2.346"/>
  <testcase classname="test.StoreTests" name="testPostStore" time="1.524"/>
  <testcase classname="test.StoreTests" name="testGetStoreOrder" time="1.438"/>
  <testcase classname="test.StoreTests" name="testGetInventory" time="1.353"/>
</testsuite> <!--  Test Cases Execution -->
