<?xml version="1.0" encoding="UTF-8"?>
<!-- Generated by org.testng.reporters.JUnitXMLReporter -->
<testsuite ignored="0" hostname="SF-LAP-439" failures="0" tests="6" name=" Test Cases Execution" time="10.377" errors="0" timestamp="2023-10-10T14:20:27 IST">
  <testcase classname="test.UserTests" name="testPostUser" time="2.726"/>
  <testcase classname="test.UserTests" name="testGetUserByName" time="1.08"/>
  <testcase classname="test.UserTests" name="testUpdateUserByName" time="2.209"/>
  <testcase classname="test.UserTests" name="testDeleteuserByName" time="1.887"/>
  <testcase classname="test.StoreTests" name="testPostStore" time="1.112"/>
  <testcase classname="test.StoreTests" name="testGetInventory" time="1.119"/>
</testsuite> <!--  Test Cases Execution -->
